<?xml version="1.0" encoding="UTF-8"?>
<!-- Generated by org.testng.reporters.JUnitReportReporter -->
<testsuite hostname="VIDIN-Laptop" name="WhataburgerSampleG.WhataburgerSampleA.ForgotpasswordErrormessageTest" tests="1" failures="0" timestamp="8 Sep 2021 05:24:42 GMT" time="8.973" errors="0">
  <testcase name="Forgotpasswordemail" time="8.973" classname="WhataburgerSampleG.WhataburgerSampleA.ForgotpasswordErrormessageTest"/>
</testsuite> <!-- WhataburgerSampleG.WhataburgerSampleA.ForgotpasswordErrormessageTest -->
