<?xml version="1.0" encoding="UTF-8"?>
<!-- Generated by org.testng.reporters.JUnitReportReporter -->
<testsuite hostname="VIDIN-Laptop" name="WhataburgerSampleG.WhataburgerSampleA.SigninTest" tests="1" failures="0" timestamp="30 Aug 2021 06:09:43 GMT" time="5.283" errors="0">
  <testcase name="signinvalidate" time="5.283" classname="WhataburgerSampleG.WhataburgerSampleA.SigninTest"/>
</testsuite> <!-- WhataburgerSampleG.WhataburgerSampleA.SigninTest -->
