<?xml version="1.0" encoding="UTF-8"?>
<!-- Generated by org.testng.reporters.JUnitReportReporter -->
<testsuite hostname="VIDIN-Laptop" name="WhataburgerSampleG.WhataburgerSampleA.HomeMenuTest" tests="1" failures="0" timestamp="13 Sep 2021 04:20:45 GMT" time="5.674" errors="0">
  <testcase name="hmsignin" time="5.674" classname="WhataburgerSampleG.WhataburgerSampleA.HomeMenuTest"/>
</testsuite> <!-- WhataburgerSampleG.WhataburgerSampleA.HomeMenuTest -->
